[0.725s] DEBUG:colcon:Command line arguments: ['/usr/bin/colcon', 'build']
[0.725s] DEBUG:colcon:Parsed command line arguments: Namespace(log_base=None, log_level=None, verb_name='build', build_base='build', install_base='install', merge_install=False, symlink_install=False, test_result_base=None, continue_on_error=False, executor='parallel', parallel_workers=4, event_handlers=None, ignore_user_meta=False, metas=['./colcon.meta'], base_paths=['.'], packages_ignore=None, packages_ignore_regex=None, paths=None, packages_up_to=None, packages_up_to_regex=None, packages_above=None, packages_above_and_dependencies=None, packages_above_depth=None, packages_select_by_dep=None, packages_skip_by_dep=None, packages_skip_up_to=None, packages_select_build_failed=False, packages_skip_build_finished=False, packages_select_test_failures=False, packages_skip_test_passed=False, packages_select=None, packages_skip=None, packages_select_regex=None, packages_skip_regex=None, packages_start=None, packages_end=None, allow_overriding=[], cmake_args=None, cmake_target=None, cmake_target_skip_unavailable=False, cmake_clean_cache=False, cmake_clean_first=False, cmake_force_configure=False, ament_cmake_args=None, catkin_cmake_args=None, catkin_skip_building_tests=False, verb_parser=<colcon_defaults.argument_parser.defaults.DefaultArgumentsDecorator object at 0x7f3454fdd450>, verb_extension=<colcon_core.verb.build.BuildVerb object at 0x7f3454fdcee0>, main=<bound method BuildVerb.main of <colcon_core.verb.build.BuildVerb object at 0x7f3454fdcee0>>)
[0.764s] Level 1:colcon.colcon_core.package_discovery:discover_packages(colcon_meta) check parameters
[0.764s] Level 1:colcon.colcon_core.package_discovery:discover_packages(recursive) check parameters
[0.764s] Level 1:colcon.colcon_core.package_discovery:discover_packages(ignore) check parameters
[0.765s] Level 1:colcon.colcon_core.package_discovery:discover_packages(path) check parameters
[0.765s] Level 1:colcon.colcon_core.package_discovery:discover_packages(colcon_meta) discover
[0.765s] Level 1:colcon.colcon_core.package_discovery:discover_packages(recursive) discover
[0.765s] INFO:colcon.colcon_core.package_discovery:Crawling recursively for packages in '/home/juan_c/ros2_ws'
[0.765s] Level 1:colcon.colcon_core.package_identification:_identify(.) by extensions ['ignore', 'ignore_ament_install']
[0.765s] Level 1:colcon.colcon_core.package_identification:_identify(.) by extension 'ignore'
[0.765s] Level 1:colcon.colcon_core.package_identification:_identify(.) by extension 'ignore_ament_install'
[0.765s] Level 1:colcon.colcon_core.package_identification:_identify(.) by extensions ['colcon_pkg']
[0.765s] Level 1:colcon.colcon_core.package_identification:_identify(.) by extension 'colcon_pkg'
[0.766s] Level 1:colcon.colcon_core.package_identification:_identify(.) by extensions ['colcon_meta']
[0.766s] Level 1:colcon.colcon_core.package_identification:_identify(.) by extension 'colcon_meta'
[0.766s] Level 1:colcon.colcon_core.package_identification:_identify(.) by extensions ['ros']
[0.766s] Level 1:colcon.colcon_core.package_identification:_identify(.) by extension 'ros'
[0.787s] Level 1:colcon.colcon_core.package_identification:_identify(.) by extensions ['cmake', 'python']
[0.787s] Level 1:colcon.colcon_core.package_identification:_identify(.) by extension 'cmake'
[0.787s] Level 1:colcon.colcon_core.package_identification:_identify(.) by extension 'python'
[0.787s] Level 1:colcon.colcon_core.package_identification:_identify(.) by extensions ['python_setup_py']
[0.787s] Level 1:colcon.colcon_core.package_identification:_identify(.) by extension 'python_setup_py'
[0.788s] Level 1:colcon.colcon_core.package_identification:_identify(build) by extensions ['ignore', 'ignore_ament_install']
[0.788s] Level 1:colcon.colcon_core.package_identification:_identify(build) by extension 'ignore'
[0.788s] Level 1:colcon.colcon_core.package_identification:_identify(build) ignored
[0.788s] Level 1:colcon.colcon_core.package_identification:_identify(install) by extensions ['ignore', 'ignore_ament_install']
[0.788s] Level 1:colcon.colcon_core.package_identification:_identify(install) by extension 'ignore'
[0.788s] Level 1:colcon.colcon_core.package_identification:_identify(install) ignored
[0.789s] Level 1:colcon.colcon_core.package_identification:_identify(log) by extensions ['ignore', 'ignore_ament_install']
[0.789s] Level 1:colcon.colcon_core.package_identification:_identify(log) by extension 'ignore'
[0.789s] Level 1:colcon.colcon_core.package_identification:_identify(log) ignored
[0.789s] Level 1:colcon.colcon_core.package_identification:_identify(src) by extensions ['ignore', 'ignore_ament_install']
[0.789s] Level 1:colcon.colcon_core.package_identification:_identify(src) by extension 'ignore'
[0.789s] Level 1:colcon.colcon_core.package_identification:_identify(src) by extension 'ignore_ament_install'
[0.789s] Level 1:colcon.colcon_core.package_identification:_identify(src) by extensions ['colcon_pkg']
[0.789s] Level 1:colcon.colcon_core.package_identification:_identify(src) by extension 'colcon_pkg'
[0.789s] Level 1:colcon.colcon_core.package_identification:_identify(src) by extensions ['colcon_meta']
[0.790s] Level 1:colcon.colcon_core.package_identification:_identify(src) by extension 'colcon_meta'
[0.790s] Level 1:colcon.colcon_core.package_identification:_identify(src) by extensions ['ros']
[0.790s] Level 1:colcon.colcon_core.package_identification:_identify(src) by extension 'ros'
[0.790s] Level 1:colcon.colcon_core.package_identification:_identify(src) by extensions ['cmake', 'python']
[0.790s] Level 1:colcon.colcon_core.package_identification:_identify(src) by extension 'cmake'
[0.790s] Level 1:colcon.colcon_core.package_identification:_identify(src) by extension 'python'
[0.790s] Level 1:colcon.colcon_core.package_identification:_identify(src) by extensions ['python_setup_py']
[0.790s] Level 1:colcon.colcon_core.package_identification:_identify(src) by extension 'python_setup_py'
[0.791s] Level 1:colcon.colcon_core.package_identification:_identify(src/manipulator) by extensions ['ignore', 'ignore_ament_install']
[0.791s] Level 1:colcon.colcon_core.package_identification:_identify(src/manipulator) by extension 'ignore'
[0.791s] Level 1:colcon.colcon_core.package_identification:_identify(src/manipulator) by extension 'ignore_ament_install'
[0.791s] Level 1:colcon.colcon_core.package_identification:_identify(src/manipulator) by extensions ['colcon_pkg']
[0.791s] Level 1:colcon.colcon_core.package_identification:_identify(src/manipulator) by extension 'colcon_pkg'
[0.791s] Level 1:colcon.colcon_core.package_identification:_identify(src/manipulator) by extensions ['colcon_meta']
[0.791s] Level 1:colcon.colcon_core.package_identification:_identify(src/manipulator) by extension 'colcon_meta'
[0.791s] Level 1:colcon.colcon_core.package_identification:_identify(src/manipulator) by extensions ['ros']
[0.791s] Level 1:colcon.colcon_core.package_identification:_identify(src/manipulator) by extension 'ros'
[0.796s] DEBUG:colcon.colcon_core.package_identification:Package 'src/manipulator' with type 'ros.ament_python' and name 'manipulator'
[0.796s] Level 1:colcon.colcon_core.package_identification:_identify(src/manipulator_description) by extensions ['ignore', 'ignore_ament_install']
[0.796s] Level 1:colcon.colcon_core.package_identification:_identify(src/manipulator_description) by extension 'ignore'
[0.796s] Level 1:colcon.colcon_core.package_identification:_identify(src/manipulator_description) by extension 'ignore_ament_install'
[0.797s] Level 1:colcon.colcon_core.package_identification:_identify(src/manipulator_description) by extensions ['colcon_pkg']
[0.797s] Level 1:colcon.colcon_core.package_identification:_identify(src/manipulator_description) by extension 'colcon_pkg'
[0.797s] Level 1:colcon.colcon_core.package_identification:_identify(src/manipulator_description) by extensions ['colcon_meta']
[0.797s] Level 1:colcon.colcon_core.package_identification:_identify(src/manipulator_description) by extension 'colcon_meta'
[0.797s] Level 1:colcon.colcon_core.package_identification:_identify(src/manipulator_description) by extensions ['ros']
[0.797s] Level 1:colcon.colcon_core.package_identification:_identify(src/manipulator_description) by extension 'ros'
[0.798s] DEBUG:colcon.colcon_core.package_identification:Package 'src/manipulator_description' with type 'ros.ament_cmake' and name 'manipulator_description'
[0.798s] Level 1:colcon.colcon_core.package_discovery:discover_packages(recursive) using defaults
[0.798s] Level 1:colcon.colcon_core.package_discovery:discover_packages(ignore) discover
[0.798s] Level 1:colcon.colcon_core.package_discovery:discover_packages(ignore) using defaults
[0.798s] Level 1:colcon.colcon_core.package_discovery:discover_packages(path) discover
[0.798s] Level 1:colcon.colcon_core.package_discovery:discover_packages(path) using defaults
[0.847s] Level 1:colcon.colcon_core.package_discovery:discover_packages(prefix_path) check parameters
[0.847s] Level 1:colcon.colcon_core.package_discovery:discover_packages(prefix_path) discover
[0.852s] DEBUG:colcon.colcon_installed_package_information.package_discovery:Found 2 installed packages in /home/juan_c/ros2_ws/install
[0.857s] DEBUG:colcon.colcon_installed_package_information.package_discovery:Found 285 installed packages in /opt/ros/iron
[0.864s] Level 1:colcon.colcon_core.package_discovery:discover_packages(prefix_path) using defaults
[0.995s] Level 5:colcon.colcon_core.verb:set package 'manipulator' build argument 'cmake_args' from command line to 'None'
[0.995s] Level 5:colcon.colcon_core.verb:set package 'manipulator' build argument 'cmake_target' from command line to 'None'
[0.995s] Level 5:colcon.colcon_core.verb:set package 'manipulator' build argument 'cmake_target_skip_unavailable' from command line to 'False'
[0.995s] Level 5:colcon.colcon_core.verb:set package 'manipulator' build argument 'cmake_clean_cache' from command line to 'False'
[0.995s] Level 5:colcon.colcon_core.verb:set package 'manipulator' build argument 'cmake_clean_first' from command line to 'False'
[0.995s] Level 5:colcon.colcon_core.verb:set package 'manipulator' build argument 'cmake_force_configure' from command line to 'False'
[0.995s] Level 5:colcon.colcon_core.verb:set package 'manipulator' build argument 'ament_cmake_args' from command line to 'None'
[0.995s] Level 5:colcon.colcon_core.verb:set package 'manipulator' build argument 'catkin_cmake_args' from command line to 'None'
[0.995s] Level 5:colcon.colcon_core.verb:set package 'manipulator' build argument 'catkin_skip_building_tests' from command line to 'False'
[0.995s] DEBUG:colcon.colcon_core.verb:Building package 'manipulator' with the following arguments: {'ament_cmake_args': None, 'build_base': '/home/juan_c/ros2_ws/build/manipulator', 'catkin_cmake_args': None, 'catkin_skip_building_tests': False, 'cmake_args': None, 'cmake_clean_cache': False, 'cmake_clean_first': False, 'cmake_force_configure': False, 'cmake_target': None, 'cmake_target_skip_unavailable': False, 'install_base': '/home/juan_c/ros2_ws/install/manipulator', 'merge_install': False, 'path': '/home/juan_c/ros2_ws/src/manipulator', 'symlink_install': False, 'test_result_base': None}
[0.998s] Level 5:colcon.colcon_core.verb:set package 'manipulator_description' build argument 'cmake_args' from command line to 'None'
[0.998s] Level 5:colcon.colcon_core.verb:set package 'manipulator_description' build argument 'cmake_target' from command line to 'None'
[0.998s] Level 5:colcon.colcon_core.verb:set package 'manipulator_description' build argument 'cmake_target_skip_unavailable' from command line to 'False'
[0.998s] Level 5:colcon.colcon_core.verb:set package 'manipulator_description' build argument 'cmake_clean_cache' from command line to 'False'
[0.998s] Level 5:colcon.colcon_core.verb:set package 'manipulator_description' build argument 'cmake_clean_first' from command line to 'False'
[0.998s] Level 5:colcon.colcon_core.verb:set package 'manipulator_description' build argument 'cmake_force_configure' from command line to 'False'
[0.998s] Level 5:colcon.colcon_core.verb:set package 'manipulator_description' build argument 'ament_cmake_args' from command line to 'None'
[0.998s] Level 5:colcon.colcon_core.verb:set package 'manipulator_description' build argument 'catkin_cmake_args' from command line to 'None'
[0.998s] Level 5:colcon.colcon_core.verb:set package 'manipulator_description' build argument 'catkin_skip_building_tests' from command line to 'False'
[0.999s] DEBUG:colcon.colcon_core.verb:Building package 'manipulator_description' with the following arguments: {'ament_cmake_args': None, 'build_base': '/home/juan_c/ros2_ws/build/manipulator_description', 'catkin_cmake_args': None, 'catkin_skip_building_tests': False, 'cmake_args': None, 'cmake_clean_cache': False, 'cmake_clean_first': False, 'cmake_force_configure': False, 'cmake_target': None, 'cmake_target_skip_unavailable': False, 'install_base': '/home/juan_c/ros2_ws/install/manipulator_description', 'merge_install': False, 'path': '/home/juan_c/ros2_ws/src/manipulator_description', 'symlink_install': False, 'test_result_base': None}
[1.000s] INFO:colcon.colcon_core.executor:Executing jobs using 'parallel' executor
[1.007s] DEBUG:colcon.colcon_parallel_executor.executor.parallel:run_until_complete
[1.008s] INFO:colcon.colcon_ros.task.ament_python.build:Building ROS package in '/home/juan_c/ros2_ws/src/manipulator' with build type 'ament_python'
[1.008s] Level 1:colcon.colcon_core.shell:create_environment_hook('manipulator', 'ament_prefix_path')
[1.018s] INFO:colcon.colcon_core.plugin_system:Skipping extension 'colcon_core.shell.bat': Not used on non-Windows systems
[1.018s] INFO:colcon.colcon_core.shell:Creating environment hook '/home/juan_c/ros2_ws/install/manipulator/share/manipulator/hook/ament_prefix_path.ps1'
[1.019s] INFO:colcon.colcon_core.shell:Creating environment descriptor '/home/juan_c/ros2_ws/install/manipulator/share/manipulator/hook/ament_prefix_path.dsv'
[1.020s] INFO:colcon.colcon_core.shell:Creating environment hook '/home/juan_c/ros2_ws/install/manipulator/share/manipulator/hook/ament_prefix_path.sh'
[1.027s] INFO:colcon.colcon_core.shell:Skip shell extension 'powershell' for command environment: Not usable outside of PowerShell
[1.027s] DEBUG:colcon.colcon_core.shell:Skip shell extension 'dsv' for command environment
[1.041s] INFO:colcon.colcon_ros.task.ament_cmake.build:Building ROS package in '/home/juan_c/ros2_ws/src/manipulator_description' with build type 'ament_cmake'
[1.042s] INFO:colcon.colcon_cmake.task.cmake.build:Building CMake package in '/home/juan_c/ros2_ws/src/manipulator_description'
[1.045s] INFO:colcon.colcon_core.shell:Skip shell extension 'powershell' for command environment: Not usable outside of PowerShell
[1.045s] DEBUG:colcon.colcon_core.shell:Skip shell extension 'dsv' for command environment
[1.614s] INFO:colcon.colcon_core.task.python.build:Building Python package in '/home/juan_c/ros2_ws/src/manipulator'
[1.617s] INFO:colcon.colcon_core.shell:Skip shell extension 'powershell' for command environment: Not usable outside of PowerShell
[1.617s] DEBUG:colcon.colcon_core.shell:Skip shell extension 'dsv' for command environment
[1.635s] DEBUG:colcon.colcon_core.event_handler.log_command:Invoking command in '/home/juan_c/ros2_ws/build/manipulator_description': CMAKE_PREFIX_PATH=${CMAKE_PREFIX_PATH}:/home/juan_c/ros2_ws/install/manipulator:/opt/ros/iron /usr/bin/cmake --build /home/juan_c/ros2_ws/build/manipulator_description -- -j4 -l4
[1.705s] DEBUG:colcon.colcon_core.event_handler.log_command:Invoked command in '/home/juan_c/ros2_ws/build/manipulator_description' returned '0': CMAKE_PREFIX_PATH=${CMAKE_PREFIX_PATH}:/home/juan_c/ros2_ws/install/manipulator:/opt/ros/iron /usr/bin/cmake --build /home/juan_c/ros2_ws/build/manipulator_description -- -j4 -l4
[1.756s] DEBUG:colcon.colcon_core.event_handler.log_command:Invoking command in '/home/juan_c/ros2_ws/build/manipulator_description': CMAKE_PREFIX_PATH=${CMAKE_PREFIX_PATH}:/home/juan_c/ros2_ws/install/manipulator:/opt/ros/iron /usr/bin/cmake --install /home/juan_c/ros2_ws/build/manipulator_description
[1.790s] Level 1:colcon.colcon_core.environment:create_environment_scripts_only(manipulator_description)
[1.793s] DEBUG:colcon.colcon_core.event_handler.log_command:Invoked command in '/home/juan_c/ros2_ws/build/manipulator_description' returned '0': CMAKE_PREFIX_PATH=${CMAKE_PREFIX_PATH}:/home/juan_c/ros2_ws/install/manipulator:/opt/ros/iron /usr/bin/cmake --install /home/juan_c/ros2_ws/build/manipulator_description
[1.801s] Level 1:colcon.colcon_core.environment:checking '/home/juan_c/ros2_ws/install/manipulator_description' for CMake module files
[1.802s] Level 1:colcon.colcon_core.environment:checking '/home/juan_c/ros2_ws/install/manipulator_description' for CMake config files
[1.803s] Level 1:colcon.colcon_core.shell:create_environment_hook('manipulator_description', 'cmake_prefix_path')
[1.805s] INFO:colcon.colcon_core.shell:Creating environment hook '/home/juan_c/ros2_ws/install/manipulator_description/share/manipulator_description/hook/cmake_prefix_path.ps1'
[1.806s] INFO:colcon.colcon_core.shell:Creating environment descriptor '/home/juan_c/ros2_ws/install/manipulator_description/share/manipulator_description/hook/cmake_prefix_path.dsv'
[1.807s] INFO:colcon.colcon_core.shell:Creating environment hook '/home/juan_c/ros2_ws/install/manipulator_description/share/manipulator_description/hook/cmake_prefix_path.sh'
[1.808s] Level 1:colcon.colcon_core.environment:checking '/home/juan_c/ros2_ws/install/manipulator_description/bin'
[1.809s] Level 1:colcon.colcon_core.environment:checking '/home/juan_c/ros2_ws/install/manipulator_description/lib/pkgconfig/manipulator_description.pc'
[1.809s] Level 1:colcon.colcon_core.environment:checking '/home/juan_c/ros2_ws/install/manipulator_description/lib/python3.10/site-packages'
[1.810s] Level 1:colcon.colcon_core.environment:checking '/home/juan_c/ros2_ws/install/manipulator_description/bin'
[1.813s] INFO:colcon.colcon_core.shell:Creating package script '/home/juan_c/ros2_ws/install/manipulator_description/share/manipulator_description/package.ps1'
[1.814s] INFO:colcon.colcon_core.shell:Creating package descriptor '/home/juan_c/ros2_ws/install/manipulator_description/share/manipulator_description/package.dsv'
[1.815s] INFO:colcon.colcon_core.shell:Creating package script '/home/juan_c/ros2_ws/install/manipulator_description/share/manipulator_description/package.sh'
[1.817s] INFO:colcon.colcon_core.shell:Creating package script '/home/juan_c/ros2_ws/install/manipulator_description/share/manipulator_description/package.bash'
[1.818s] INFO:colcon.colcon_core.shell:Creating package script '/home/juan_c/ros2_ws/install/manipulator_description/share/manipulator_description/package.zsh'
[1.820s] Level 1:colcon.colcon_core.environment:create_file_with_runtime_dependencies(/home/juan_c/ros2_ws/install/manipulator_description/share/colcon-core/packages/manipulator_description)
[1.856s] Level 1:colcon.colcon_core.environment:create_environment_scripts_only(manipulator_description)
[1.861s] Level 1:colcon.colcon_core.environment:checking '/home/juan_c/ros2_ws/install/manipulator_description' for CMake module files
[1.862s] Level 1:colcon.colcon_core.environment:checking '/home/juan_c/ros2_ws/install/manipulator_description' for CMake config files
[1.863s] Level 1:colcon.colcon_core.shell:create_environment_hook('manipulator_description', 'cmake_prefix_path')
[1.866s] INFO:colcon.colcon_core.shell:Creating environment hook '/home/juan_c/ros2_ws/install/manipulator_description/share/manipulator_description/hook/cmake_prefix_path.ps1'
[1.867s] INFO:colcon.colcon_core.shell:Creating environment descriptor '/home/juan_c/ros2_ws/install/manipulator_description/share/manipulator_description/hook/cmake_prefix_path.dsv'
[1.867s] INFO:colcon.colcon_core.shell:Creating environment hook '/home/juan_c/ros2_ws/install/manipulator_description/share/manipulator_description/hook/cmake_prefix_path.sh'
[1.868s] Level 1:colcon.colcon_core.environment:checking '/home/juan_c/ros2_ws/install/manipulator_description/bin'
[1.868s] Level 1:colcon.colcon_core.environment:checking '/home/juan_c/ros2_ws/install/manipulator_description/lib/pkgconfig/manipulator_description.pc'
[1.869s] Level 1:colcon.colcon_core.environment:checking '/home/juan_c/ros2_ws/install/manipulator_description/lib/python3.10/site-packages'
[1.869s] Level 1:colcon.colcon_core.environment:checking '/home/juan_c/ros2_ws/install/manipulator_description/bin'
[1.873s] INFO:colcon.colcon_core.shell:Creating package script '/home/juan_c/ros2_ws/install/manipulator_description/share/manipulator_description/package.ps1'
[1.874s] INFO:colcon.colcon_core.shell:Creating package descriptor '/home/juan_c/ros2_ws/install/manipulator_description/share/manipulator_description/package.dsv'
[1.875s] INFO:colcon.colcon_core.shell:Creating package script '/home/juan_c/ros2_ws/install/manipulator_description/share/manipulator_description/package.sh'
[1.876s] INFO:colcon.colcon_core.shell:Creating package script '/home/juan_c/ros2_ws/install/manipulator_description/share/manipulator_description/package.bash'
[1.876s] INFO:colcon.colcon_core.shell:Creating package script '/home/juan_c/ros2_ws/install/manipulator_description/share/manipulator_description/package.zsh'
[1.877s] Level 1:colcon.colcon_core.environment:create_file_with_runtime_dependencies(/home/juan_c/ros2_ws/install/manipulator_description/share/colcon-core/packages/manipulator_description)
[2.392s] DEBUG:colcon.colcon_core.event_handler.log_command:Invoking command in '/home/juan_c/ros2_ws/src/manipulator': PYTHONPATH=/home/juan_c/ros2_ws/build/manipulator/prefix_override:/home/juan_c/ros2_ws/install/manipulator/lib/python3.10/site-packages:${PYTHONPATH} /usr/bin/python3 setup.py egg_info --egg-base ../../build/manipulator build --build-base /home/juan_c/ros2_ws/build/manipulator/build install --record /home/juan_c/ros2_ws/build/manipulator/install.log --single-version-externally-managed
[3.048s] Level 1:colcon.colcon_core.environment:checking '/home/juan_c/ros2_ws/install/manipulator' for CMake module files
[3.049s] DEBUG:colcon.colcon_core.event_handler.log_command:Invoked command in '/home/juan_c/ros2_ws/src/manipulator' returned '0': PYTHONPATH=/home/juan_c/ros2_ws/build/manipulator/prefix_override:/home/juan_c/ros2_ws/install/manipulator/lib/python3.10/site-packages:${PYTHONPATH} /usr/bin/python3 setup.py egg_info --egg-base ../../build/manipulator build --build-base /home/juan_c/ros2_ws/build/manipulator/build install --record /home/juan_c/ros2_ws/build/manipulator/install.log --single-version-externally-managed
[3.050s] Level 1:colcon.colcon_core.environment:checking '/home/juan_c/ros2_ws/install/manipulator' for CMake config files
[3.051s] Level 1:colcon.colcon_core.environment:checking '/home/juan_c/ros2_ws/install/manipulator/lib'
[3.052s] Level 1:colcon.colcon_core.environment:checking '/home/juan_c/ros2_ws/install/manipulator/bin'
[3.052s] Level 1:colcon.colcon_core.environment:checking '/home/juan_c/ros2_ws/install/manipulator/lib/pkgconfig/manipulator.pc'
[3.053s] Level 1:colcon.colcon_core.environment:checking '/home/juan_c/ros2_ws/install/manipulator/lib/python3.10/site-packages'
[3.053s] Level 1:colcon.colcon_core.shell:create_environment_hook('manipulator', 'pythonpath')
[3.057s] INFO:colcon.colcon_core.shell:Creating environment hook '/home/juan_c/ros2_ws/install/manipulator/share/manipulator/hook/pythonpath.ps1'
[3.058s] INFO:colcon.colcon_core.shell:Creating environment descriptor '/home/juan_c/ros2_ws/install/manipulator/share/manipulator/hook/pythonpath.dsv'
[3.059s] INFO:colcon.colcon_core.shell:Creating environment hook '/home/juan_c/ros2_ws/install/manipulator/share/manipulator/hook/pythonpath.sh'
[3.060s] Level 1:colcon.colcon_core.environment:checking '/home/juan_c/ros2_ws/install/manipulator/bin'
[3.061s] Level 1:colcon.colcon_core.environment:create_environment_scripts_only(manipulator)
[3.064s] INFO:colcon.colcon_core.shell:Creating package script '/home/juan_c/ros2_ws/install/manipulator/share/manipulator/package.ps1'
[3.065s] INFO:colcon.colcon_core.shell:Creating package descriptor '/home/juan_c/ros2_ws/install/manipulator/share/manipulator/package.dsv'
[3.066s] INFO:colcon.colcon_core.shell:Creating package script '/home/juan_c/ros2_ws/install/manipulator/share/manipulator/package.sh'
[3.067s] INFO:colcon.colcon_core.shell:Creating package script '/home/juan_c/ros2_ws/install/manipulator/share/manipulator/package.bash'
[3.068s] INFO:colcon.colcon_core.shell:Creating package script '/home/juan_c/ros2_ws/install/manipulator/share/manipulator/package.zsh'
[3.069s] Level 1:colcon.colcon_core.environment:create_file_with_runtime_dependencies(/home/juan_c/ros2_ws/install/manipulator/share/colcon-core/packages/manipulator)
[3.070s] DEBUG:colcon.colcon_parallel_executor.executor.parallel:closing loop
[3.071s] DEBUG:colcon.colcon_parallel_executor.executor.parallel:loop closed
[3.071s] DEBUG:colcon.colcon_parallel_executor.executor.parallel:run_until_complete finished with '0'
[3.072s] DEBUG:colcon.colcon_core.event_reactor:joining thread
[3.082s] INFO:colcon.colcon_core.plugin_system:Skipping extension 'colcon_notification.desktop_notification.terminal_notifier': Not used on non-Darwin systems
[3.082s] INFO:colcon.colcon_core.plugin_system:Skipping extension 'colcon_notification.desktop_notification.win32': Not used on non-Windows systems
[3.082s] INFO:colcon.colcon_notification.desktop_notification:Sending desktop notification using 'notify2'
[3.104s] DEBUG:colcon.colcon_core.event_reactor:joined thread
[3.107s] INFO:colcon.colcon_core.shell:Creating prefix script '/home/juan_c/ros2_ws/install/local_setup.ps1'
[3.110s] INFO:colcon.colcon_core.shell:Creating prefix util module '/home/juan_c/ros2_ws/install/_local_setup_util_ps1.py'
[3.114s] INFO:colcon.colcon_core.shell:Creating prefix chain script '/home/juan_c/ros2_ws/install/setup.ps1'
[3.118s] INFO:colcon.colcon_core.shell:Creating prefix script '/home/juan_c/ros2_ws/install/local_setup.sh'
[3.120s] INFO:colcon.colcon_core.shell:Creating prefix util module '/home/juan_c/ros2_ws/install/_local_setup_util_sh.py'
[3.121s] INFO:colcon.colcon_core.shell:Creating prefix chain script '/home/juan_c/ros2_ws/install/setup.sh'
[3.125s] INFO:colcon.colcon_core.shell:Creating prefix script '/home/juan_c/ros2_ws/install/local_setup.bash'
[3.127s] INFO:colcon.colcon_core.shell:Creating prefix chain script '/home/juan_c/ros2_ws/install/setup.bash'
[3.131s] INFO:colcon.colcon_core.shell:Creating prefix script '/home/juan_c/ros2_ws/install/local_setup.zsh'
[3.133s] INFO:colcon.colcon_core.shell:Creating prefix chain script '/home/juan_c/ros2_ws/install/setup.zsh'
