[0.640s] Invoking command in '/home/juan_c/ros2_ws/build/manipulator_description': CMAKE_PREFIX_PATH=${CMAKE_PREFIX_PATH}:/home/juan_c/ros2_ws/install/manipulator:/opt/ros/iron /usr/bin/cmake --build /home/juan_c/ros2_ws/build/manipulator_description -- -j4 -l4
[0.706s] Invoked command in '/home/juan_c/ros2_ws/build/manipulator_description' returned '0': CMAKE_PREFIX_PATH=${CMAKE_PREFIX_PATH}:/home/juan_c/ros2_ws/install/manipulator:/opt/ros/iron /usr/bin/cmake --build /home/juan_c/ros2_ws/build/manipulator_description -- -j4 -l4
[0.757s] Invoking command in '/home/juan_c/ros2_ws/build/manipulator_description': CMAKE_PREFIX_PATH=${CMAKE_PREFIX_PATH}:/home/juan_c/ros2_ws/install/manipulator:/opt/ros/iron /usr/bin/cmake --install /home/juan_c/ros2_ws/build/manipulator_description
[0.769s] -- Install configuration: ""
[0.770s] -- Up-to-date: /home/juan_c/ros2_ws/install/manipulator_description/share/$(PROJECT_NAME)/meshes
[0.770s] -- Up-to-date: /home/juan_c/ros2_ws/install/manipulator_description/share/$(PROJECT_NAME)/meshes/base_link.STL
[0.771s] -- Up-to-date: /home/juan_c/ros2_ws/install/manipulator_description/share/$(PROJECT_NAME)/meshes/link_4.STL
[0.771s] -- Up-to-date: /home/juan_c/ros2_ws/install/manipulator_description/share/$(PROJECT_NAME)/meshes/link_3.STL
[0.771s] -- Up-to-date: /home/juan_c/ros2_ws/install/manipulator_description/share/$(PROJECT_NAME)/meshes/link_1.STL
[0.772s] -- Up-to-date: /home/juan_c/ros2_ws/install/manipulator_description/share/$(PROJECT_NAME)/meshes/link_2.STL
[0.772s] -- Up-to-date: /home/juan_c/ros2_ws/install/manipulator_description/share/$(PROJECT_NAME)/urdf
[0.772s] -- Up-to-date: /home/juan_c/ros2_ws/install/manipulator_description/share/$(PROJECT_NAME)/urdf/manipulator.xacro
[0.772s] -- Installing: /home/juan_c/ros2_ws/install/manipulator_description/share/$(PROJECT_NAME)/urdf/manipulator.urdf.xacro
[0.773s] -- Up-to-date: /home/juan_c/ros2_ws/install/manipulator_description/share/ament_index/resource_index/package_run_dependencies/manipulator_description
[0.773s] -- Up-to-date: /home/juan_c/ros2_ws/install/manipulator_description/share/ament_index/resource_index/parent_prefix_path/manipulator_description
[0.773s] -- Up-to-date: /home/juan_c/ros2_ws/install/manipulator_description/share/manipulator_description/environment/ament_prefix_path.sh
[0.773s] -- Up-to-date: /home/juan_c/ros2_ws/install/manipulator_description/share/manipulator_description/environment/ament_prefix_path.dsv
[0.773s] -- Up-to-date: /home/juan_c/ros2_ws/install/manipulator_description/share/manipulator_description/environment/path.sh
[0.774s] -- Up-to-date: /home/juan_c/ros2_ws/install/manipulator_description/share/manipulator_description/environment/path.dsv
[0.774s] -- Up-to-date: /home/juan_c/ros2_ws/install/manipulator_description/share/manipulator_description/local_setup.bash
[0.774s] -- Up-to-date: /home/juan_c/ros2_ws/install/manipulator_description/share/manipulator_description/local_setup.sh
[0.774s] -- Up-to-date: /home/juan_c/ros2_ws/install/manipulator_description/share/manipulator_description/local_setup.zsh
[0.774s] -- Up-to-date: /home/juan_c/ros2_ws/install/manipulator_description/share/manipulator_description/local_setup.dsv
[0.775s] -- Installing: /home/juan_c/ros2_ws/install/manipulator_description/share/manipulator_description/package.dsv
[0.775s] -- Up-to-date: /home/juan_c/ros2_ws/install/manipulator_description/share/ament_index/resource_index/packages/manipulator_description
[0.775s] -- Up-to-date: /home/juan_c/ros2_ws/install/manipulator_description/share/manipulator_description/cmake/manipulator_descriptionConfig.cmake
[0.775s] -- Up-to-date: /home/juan_c/ros2_ws/install/manipulator_description/share/manipulator_description/cmake/manipulator_descriptionConfig-version.cmake
[0.775s] -- Up-to-date: /home/juan_c/ros2_ws/install/manipulator_description/share/manipulator_description/package.xml
[0.796s] Invoked command in '/home/juan_c/ros2_ws/build/manipulator_description' returned '0': CMAKE_PREFIX_PATH=${CMAKE_PREFIX_PATH}:/home/juan_c/ros2_ws/install/manipulator:/opt/ros/iron /usr/bin/cmake --install /home/juan_c/ros2_ws/build/manipulator_description
