[0.638s] Invoking command in '/home/juan_c/ros2_ws/build/manipulator_description': CMAKE_PREFIX_PATH=/opt/ros/iron /usr/bin/cmake --build /home/juan_c/ros2_ws/build/manipulator_description -- -j4 -l4
[0.679s] -- Found ament_cmake: 2.0.3 (/opt/ros/iron/share/ament_cmake/cmake)
[0.970s] -- Found ament_lint_auto: 0.14.2 (/opt/ros/iron/share/ament_lint_auto/cmake)
[1.112s] -- Added test 'lint_cmake' to check CMake code style
[1.115s] -- Added test 'xmllint' to check XML markup files
[1.117s] -- Configuring done
[1.127s] -- Generating done
[1.130s] -- Build files have been written to: /home/juan_c/ros2_ws/build/manipulator_description
[1.173s] Invoked command in '/home/juan_c/ros2_ws/build/manipulator_description' returned '0': CMAKE_PREFIX_PATH=/opt/ros/iron /usr/bin/cmake --build /home/juan_c/ros2_ws/build/manipulator_description -- -j4 -l4
[1.232s] Invoking command in '/home/juan_c/ros2_ws/build/manipulator_description': CMAKE_PREFIX_PATH=/opt/ros/iron /usr/bin/cmake --install /home/juan_c/ros2_ws/build/manipulator_description
[1.246s] -- Install configuration: ""
[1.247s] -- Installing: /home/juan_c/ros2_ws/install/manipulator_description/share/$(PROJECT_NAME)/meshes
[1.249s] -- Installing: /home/juan_c/ros2_ws/install/manipulator_description/share/$(PROJECT_NAME)/meshes/base_link.STL
[1.249s] -- Installing: /home/juan_c/ros2_ws/install/manipulator_description/share/$(PROJECT_NAME)/meshes/link_4.STL
[1.250s] -- Installing: /home/juan_c/ros2_ws/install/manipulator_description/share/$(PROJECT_NAME)/meshes/link_3.STL
[1.250s] -- Installing: /home/juan_c/ros2_ws/install/manipulator_description/share/$(PROJECT_NAME)/meshes/link_1.STL
[1.251s] -- Installing: /home/juan_c/ros2_ws/install/manipulator_description/share/$(PROJECT_NAME)/meshes/link_2.STL
[1.252s] -- Installing: /home/juan_c/ros2_ws/install/manipulator_description/share/$(PROJECT_NAME)/urdf
[1.252s] -- Installing: /home/juan_c/ros2_ws/install/manipulator_description/share/$(PROJECT_NAME)/urdf/manipulator.urdf
[1.253s] -- Installing: /home/juan_c/ros2_ws/install/manipulator_description/share/$(PROJECT_NAME)/urdf/manipulator.xacro
[1.253s] -- Up-to-date: /home/juan_c/ros2_ws/install/manipulator_description/share/ament_index/resource_index/package_run_dependencies/manipulator_description
[1.253s] -- Up-to-date: /home/juan_c/ros2_ws/install/manipulator_description/share/ament_index/resource_index/parent_prefix_path/manipulator_description
[1.254s] -- Up-to-date: /home/juan_c/ros2_ws/install/manipulator_description/share/manipulator_description/environment/ament_prefix_path.sh
[1.254s] -- Up-to-date: /home/juan_c/ros2_ws/install/manipulator_description/share/manipulator_description/environment/ament_prefix_path.dsv
[1.254s] -- Up-to-date: /home/juan_c/ros2_ws/install/manipulator_description/share/manipulator_description/environment/path.sh
[1.255s] -- Up-to-date: /home/juan_c/ros2_ws/install/manipulator_description/share/manipulator_description/environment/path.dsv
[1.255s] -- Up-to-date: /home/juan_c/ros2_ws/install/manipulator_description/share/manipulator_description/local_setup.bash
[1.255s] -- Up-to-date: /home/juan_c/ros2_ws/install/manipulator_description/share/manipulator_description/local_setup.sh
[1.255s] -- Up-to-date: /home/juan_c/ros2_ws/install/manipulator_description/share/manipulator_description/local_setup.zsh
[1.256s] -- Up-to-date: /home/juan_c/ros2_ws/install/manipulator_description/share/manipulator_description/local_setup.dsv
[1.256s] -- Up-to-date: /home/juan_c/ros2_ws/install/manipulator_description/share/manipulator_description/package.dsv
[1.256s] -- Up-to-date: /home/juan_c/ros2_ws/install/manipulator_description/share/ament_index/resource_index/packages/manipulator_description
[1.256s] -- Up-to-date: /home/juan_c/ros2_ws/install/manipulator_description/share/manipulator_description/cmake/manipulator_descriptionConfig.cmake
[1.257s] -- Up-to-date: /home/juan_c/ros2_ws/install/manipulator_description/share/manipulator_description/cmake/manipulator_descriptionConfig-version.cmake
[1.257s] -- Up-to-date: /home/juan_c/ros2_ws/install/manipulator_description/share/manipulator_description/package.xml
[1.267s] Invoked command in '/home/juan_c/ros2_ws/build/manipulator_description' returned '0': CMAKE_PREFIX_PATH=/opt/ros/iron /usr/bin/cmake --install /home/juan_c/ros2_ws/build/manipulator_description
