[0.641s] Invoking command in '/home/juan_c/ros2_ws/build/manipulator_description': CMAKE_PREFIX_PATH=${CMAKE_PREFIX_PATH}:/home/juan_c/ros2_ws/install/manipulator:/opt/ros/iron /usr/bin/cmake --build /home/juan_c/ros2_ws/build/manipulator_description -- -j4 -l4
[0.707s] Invoked command in '/home/juan_c/ros2_ws/build/manipulator_description' returned '0': CMAKE_PREFIX_PATH=${CMAKE_PREFIX_PATH}:/home/juan_c/ros2_ws/install/manipulator:/opt/ros/iron /usr/bin/cmake --build /home/juan_c/ros2_ws/build/manipulator_description -- -j4 -l4
[0.762s] Invoking command in '/home/juan_c/ros2_ws/build/manipulator_description': CMAKE_PREFIX_PATH=${CMAKE_PREFIX_PATH}:/home/juan_c/ros2_ws/install/manipulator:/opt/ros/iron /usr/bin/cmake --install /home/juan_c/ros2_ws/build/manipulator_description
[0.775s] -- Install configuration: ""
[0.775s] -- Up-to-date: /home/juan_c/ros2_ws/install/manipulator_description/share/$(PROJECT_NAME)/meshes
[0.776s] -- Up-to-date: /home/juan_c/ros2_ws/install/manipulator_description/share/$(PROJECT_NAME)/meshes/base_link.STL
[0.776s] -- Up-to-date: /home/juan_c/ros2_ws/install/manipulator_description/share/$(PROJECT_NAME)/meshes/link_4.STL
[0.776s] -- Up-to-date: /home/juan_c/ros2_ws/install/manipulator_description/share/$(PROJECT_NAME)/meshes/link_3.STL
[0.777s] -- Up-to-date: /home/juan_c/ros2_ws/install/manipulator_description/share/$(PROJECT_NAME)/meshes/link_1.STL
[0.777s] -- Up-to-date: /home/juan_c/ros2_ws/install/manipulator_description/share/$(PROJECT_NAME)/meshes/link_2.STL
[0.777s] -- Up-to-date: /home/juan_c/ros2_ws/install/manipulator_description/share/$(PROJECT_NAME)/urdf
[0.777s] -- Up-to-date: /home/juan_c/ros2_ws/install/manipulator_description/share/$(PROJECT_NAME)/urdf/manipulator.xacro
[0.778s] -- Installing: /home/juan_c/ros2_ws/install/manipulator_description/share/$(PROJECT_NAME)/urdf/manipulator.urdf.xacro
[0.779s] -- Up-to-date: /home/juan_c/ros2_ws/install/manipulator_description/share/ament_index/resource_index/package_run_dependencies/manipulator_description
[0.779s] -- Up-to-date: /home/juan_c/ros2_ws/install/manipulator_description/share/ament_index/resource_index/parent_prefix_path/manipulator_description
[0.780s] -- Up-to-date: /home/juan_c/ros2_ws/install/manipulator_description/share/manipulator_description/environment/ament_prefix_path.sh
[0.780s] -- Up-to-date: /home/juan_c/ros2_ws/install/manipulator_description/share/manipulator_description/environment/ament_prefix_path.dsv
[0.781s] -- Up-to-date: /home/juan_c/ros2_ws/install/manipulator_description/share/manipulator_description/environment/path.sh
[0.781s] -- Up-to-date: /home/juan_c/ros2_ws/install/manipulator_description/share/manipulator_description/environment/path.dsv
[0.781s] -- Up-to-date: /home/juan_c/ros2_ws/install/manipulator_description/share/manipulator_description/local_setup.bash
[0.782s] -- Up-to-date: /home/juan_c/ros2_ws/install/manipulator_description/share/manipulator_description/local_setup.sh
[0.782s] -- Up-to-date: /home/juan_c/ros2_ws/install/manipulator_description/share/manipulator_description/local_setup.zsh
[0.783s] -- Up-to-date: /home/juan_c/ros2_ws/install/manipulator_description/share/manipulator_description/local_setup.dsv
[0.783s] -- Installing: /home/juan_c/ros2_ws/install/manipulator_description/share/manipulator_description/package.dsv
[0.785s] -- Up-to-date: /home/juan_c/ros2_ws/install/manipulator_description/share/ament_index/resource_index/packages/manipulator_description
[0.786s] -- Up-to-date: /home/juan_c/ros2_ws/install/manipulator_description/share/manipulator_description/cmake/manipulator_descriptionConfig.cmake
[0.786s] -- Up-to-date: /home/juan_c/ros2_ws/install/manipulator_description/share/manipulator_description/cmake/manipulator_descriptionConfig-version.cmake
[0.786s] -- Up-to-date: /home/juan_c/ros2_ws/install/manipulator_description/share/manipulator_description/package.xml
[0.801s] Invoked command in '/home/juan_c/ros2_ws/build/manipulator_description' returned '0': CMAKE_PREFIX_PATH=${CMAKE_PREFIX_PATH}:/home/juan_c/ros2_ws/install/manipulator:/opt/ros/iron /usr/bin/cmake --install /home/juan_c/ros2_ws/build/manipulator_description
