-- Install configuration: ""
-- Up-to-date: /home/juan_c/ros2_ws/install/manipulator_description/share/$(PROJECT_NAME)/meshes
-- Up-to-date: /home/juan_c/ros2_ws/install/manipulator_description/share/$(PROJECT_NAME)/meshes/base_link.STL
-- Up-to-date: /home/juan_c/ros2_ws/install/manipulator_description/share/$(PROJECT_NAME)/meshes/link_4.STL
-- Up-to-date: /home/juan_c/ros2_ws/install/manipulator_description/share/$(PROJECT_NAME)/meshes/link_3.STL
-- Up-to-date: /home/juan_c/ros2_ws/install/manipulator_description/share/$(PROJECT_NAME)/meshes/link_1.STL
-- Up-to-date: /home/juan_c/ros2_ws/install/manipulator_description/share/$(PROJECT_NAME)/meshes/link_2.STL
-- Up-to-date: /home/juan_c/ros2_ws/install/manipulator_description/share/$(PROJECT_NAME)/urdf
-- Up-to-date: /home/juan_c/ros2_ws/install/manipulator_description/share/$(PROJECT_NAME)/urdf/manipulator.xacro
-- Installing: /home/juan_c/ros2_ws/install/manipulator_description/share/$(PROJECT_NAME)/urdf/manipulator.urdf.xacro
-- Up-to-date: /home/juan_c/ros2_ws/install/manipulator_description/share/ament_index/resource_index/package_run_dependencies/manipulator_description
-- Up-to-date: /home/juan_c/ros2_ws/install/manipulator_description/share/ament_index/resource_index/parent_prefix_path/manipulator_description
-- Up-to-date: /home/juan_c/ros2_ws/install/manipulator_description/share/manipulator_description/environment/ament_prefix_path.sh
-- Up-to-date: /home/juan_c/ros2_ws/install/manipulator_description/share/manipulator_description/environment/ament_prefix_path.dsv
-- Up-to-date: /home/juan_c/ros2_ws/install/manipulator_description/share/manipulator_description/environment/path.sh
-- Up-to-date: /home/juan_c/ros2_ws/install/manipulator_description/share/manipulator_description/environment/path.dsv
-- Up-to-date: /home/juan_c/ros2_ws/install/manipulator_description/share/manipulator_description/local_setup.bash
-- Up-to-date: /home/juan_c/ros2_ws/install/manipulator_description/share/manipulator_description/local_setup.sh
-- Up-to-date: /home/juan_c/ros2_ws/install/manipulator_description/share/manipulator_description/local_setup.zsh
-- Up-to-date: /home/juan_c/ros2_ws/install/manipulator_description/share/manipulator_description/local_setup.dsv
-- Installing: /home/juan_c/ros2_ws/install/manipulator_description/share/manipulator_description/package.dsv
-- Up-to-date: /home/juan_c/ros2_ws/install/manipulator_description/share/ament_index/resource_index/packages/manipulator_description
-- Up-to-date: /home/juan_c/ros2_ws/install/manipulator_description/share/manipulator_description/cmake/manipulator_descriptionConfig.cmake
-- Up-to-date: /home/juan_c/ros2_ws/install/manipulator_description/share/manipulator_description/cmake/manipulator_descriptionConfig-version.cmake
-- Up-to-date: /home/juan_c/ros2_ws/install/manipulator_description/share/manipulator_description/package.xml
