[1.505s] Invoking command in '/home/juan_c/ros2_ws/src/manipulator': PYTHONPATH=/home/juan_c/ros2_ws/build/manipulator/prefix_override:/home/juan_c/ros2_ws/install/manipulator/lib/python3.10/site-packages:${PYTHONPATH} /usr/bin/python3 setup.py egg_info --egg-base ../../build/manipulator build --build-base /home/juan_c/ros2_ws/build/manipulator/build install --record /home/juan_c/ros2_ws/build/manipulator/install.log --single-version-externally-managed
[2.098s] running egg_info
[2.100s] writing ../../build/manipulator/manipulator.egg-info/PKG-INFO
[2.100s] writing dependency_links to ../../build/manipulator/manipulator.egg-info/dependency_links.txt
[2.100s] writing entry points to ../../build/manipulator/manipulator.egg-info/entry_points.txt
[2.101s] writing requirements to ../../build/manipulator/manipulator.egg-info/requires.txt
[2.101s] writing top-level names to ../../build/manipulator/manipulator.egg-info/top_level.txt
[2.106s] reading manifest file '../../build/manipulator/manipulator.egg-info/SOURCES.txt'
[2.108s] writing manifest file '../../build/manipulator/manipulator.egg-info/SOURCES.txt'
[2.109s] running build
[2.109s] running build_py
[2.109s] running install
[2.110s] running install_lib
[2.112s] running install_data
[2.113s] running install_egg_info
[2.127s] removing '/home/juan_c/ros2_ws/install/manipulator/lib/python3.10/site-packages/manipulator-0.0.0-py3.10.egg-info' (and everything under it)
[2.133s] Copying ../../build/manipulator/manipulator.egg-info to /home/juan_c/ros2_ws/install/manipulator/lib/python3.10/site-packages/manipulator-0.0.0-py3.10.egg-info
[2.135s] running install_scripts
[2.182s] writing list of installed files to '/home/juan_c/ros2_ws/build/manipulator/install.log'
[2.230s] Invoked command in '/home/juan_c/ros2_ws/src/manipulator' returned '0': PYTHONPATH=/home/juan_c/ros2_ws/build/manipulator/prefix_override:/home/juan_c/ros2_ws/install/manipulator/lib/python3.10/site-packages:${PYTHONPATH} /usr/bin/python3 setup.py egg_info --egg-base ../../build/manipulator build --build-base /home/juan_c/ros2_ws/build/manipulator/build install --record /home/juan_c/ros2_ws/build/manipulator/install.log --single-version-externally-managed
