-- The C compiler identification is GNU 11.4.0
-- The CXX compiler identification is GNU 11.4.0
-- Detecting C compiler ABI info
-- Detecting C compiler ABI info - done
-- Check for working C compiler: /usr/bin/cc - skipped
-- Detecting C compile features
-- Detecting C compile features - done
-- Detecting CXX compiler ABI info
-- Detecting CXX compiler ABI info - done
-- Check for working CXX compiler: /usr/bin/c++ - skipped
-- Detecting CXX compile features
-- Detecting CXX compile features - done
-- Found ament_cmake: 2.0.3 (/opt/ros/iron/share/ament_cmake/cmake)
-- Found Python3: /usr/bin/python3.10 (found version "3.10.12") found components: Interpreter 
-- Found ament_lint_auto: 0.14.2 (/opt/ros/iron/share/ament_lint_auto/cmake)
-- Added test 'lint_cmake' to check CMake code style
-- Added test 'xmllint' to check XML markup files
-- Configuring done
-- Generating done
-- Build files have been written to: /home/juan_c/ros2_ws/build/manipulator_description
-- Install configuration: ""
-- Installing: /home/juan_c/ros2_ws/install/manipulator_description/share/ament_index/resource_index/package_run_dependencies/manipulator_description
-- Installing: /home/juan_c/ros2_ws/install/manipulator_description/share/ament_index/resource_index/parent_prefix_path/manipulator_description
-- Installing: /home/juan_c/ros2_ws/install/manipulator_description/share/manipulator_description/environment/ament_prefix_path.sh
-- Installing: /home/juan_c/ros2_ws/install/manipulator_description/share/manipulator_description/environment/ament_prefix_path.dsv
-- Installing: /home/juan_c/ros2_ws/install/manipulator_description/share/manipulator_description/environment/path.sh
-- Installing: /home/juan_c/ros2_ws/install/manipulator_description/share/manipulator_description/environment/path.dsv
-- Installing: /home/juan_c/ros2_ws/install/manipulator_description/share/manipulator_description/local_setup.bash
-- Installing: /home/juan_c/ros2_ws/install/manipulator_description/share/manipulator_description/local_setup.sh
-- Installing: /home/juan_c/ros2_ws/install/manipulator_description/share/manipulator_description/local_setup.zsh
-- Installing: /home/juan_c/ros2_ws/install/manipulator_description/share/manipulator_description/local_setup.dsv
-- Installing: /home/juan_c/ros2_ws/install/manipulator_description/share/manipulator_description/package.dsv
-- Installing: /home/juan_c/ros2_ws/install/manipulator_description/share/ament_index/resource_index/packages/manipulator_description
-- Installing: /home/juan_c/ros2_ws/install/manipulator_description/share/manipulator_description/cmake/manipulator_descriptionConfig.cmake
-- Installing: /home/juan_c/ros2_ws/install/manipulator_description/share/manipulator_description/cmake/manipulator_descriptionConfig-version.cmake
-- Installing: /home/juan_c/ros2_ws/install/manipulator_description/share/manipulator_description/package.xml
