[0.659s] Invoking command in '/home/juan_c/ros2_ws/build/manipulator_description': CMAKE_PREFIX_PATH=/opt/ros/iron /usr/bin/cmake /home/juan_c/ros2_ws/src/manipulator_description -DCMAKE_INSTALL_PREFIX=/home/juan_c/ros2_ws/install/manipulator_description
[0.948s] -- The C compiler identification is GNU 11.4.0
[1.139s] -- The CXX compiler identification is GNU 11.4.0
[1.162s] -- Detecting C compiler ABI info
[1.316s] -- Detecting C compiler ABI info - done
[1.347s] -- Check for working C compiler: /usr/bin/cc - skipped
[1.350s] -- Detecting C compile features
[1.351s] -- Detecting C compile features - done
[1.360s] -- Detecting CXX compiler ABI info
[1.539s] -- Detecting CXX compiler ABI info - done
[1.566s] -- Check for working CXX compiler: /usr/bin/c++ - skipped
[1.567s] -- Detecting CXX compile features
[1.568s] -- Detecting CXX compile features - done
[1.577s] -- Found ament_cmake: 2.0.3 (/opt/ros/iron/share/ament_cmake/cmake)
[1.921s] -- Found Python3: /usr/bin/python3.10 (found version "3.10.12") found components: Interpreter 
[2.154s] -- Found ament_lint_auto: 0.14.2 (/opt/ros/iron/share/ament_lint_auto/cmake)
[2.366s] -- Added test 'lint_cmake' to check CMake code style
[2.370s] -- Added test 'xmllint' to check XML markup files
[2.381s] -- Configuring done
[2.387s] -- Generating done
[2.388s] -- Build files have been written to: /home/juan_c/ros2_ws/build/manipulator_description
[2.397s] Invoked command in '/home/juan_c/ros2_ws/build/manipulator_description' returned '0': CMAKE_PREFIX_PATH=/opt/ros/iron /usr/bin/cmake /home/juan_c/ros2_ws/src/manipulator_description -DCMAKE_INSTALL_PREFIX=/home/juan_c/ros2_ws/install/manipulator_description
[2.398s] Invoking command in '/home/juan_c/ros2_ws/build/manipulator_description': CMAKE_PREFIX_PATH=/opt/ros/iron /usr/bin/cmake --build /home/juan_c/ros2_ws/build/manipulator_description -- -j4 -l4
[2.459s] Invoked command in '/home/juan_c/ros2_ws/build/manipulator_description' returned '0': CMAKE_PREFIX_PATH=/opt/ros/iron /usr/bin/cmake --build /home/juan_c/ros2_ws/build/manipulator_description -- -j4 -l4
[2.511s] Invoking command in '/home/juan_c/ros2_ws/build/manipulator_description': CMAKE_PREFIX_PATH=/opt/ros/iron /usr/bin/cmake --install /home/juan_c/ros2_ws/build/manipulator_description
[2.526s] -- Install configuration: ""
[2.527s] -- Installing: /home/juan_c/ros2_ws/install/manipulator_description/share/ament_index/resource_index/package_run_dependencies/manipulator_description
[2.529s] -- Installing: /home/juan_c/ros2_ws/install/manipulator_description/share/ament_index/resource_index/parent_prefix_path/manipulator_description
[2.533s] -- Installing: /home/juan_c/ros2_ws/install/manipulator_description/share/manipulator_description/environment/ament_prefix_path.sh
[2.534s] -- Installing: /home/juan_c/ros2_ws/install/manipulator_description/share/manipulator_description/environment/ament_prefix_path.dsv
[2.534s] -- Installing: /home/juan_c/ros2_ws/install/manipulator_description/share/manipulator_description/environment/path.sh
[2.534s] -- Installing: /home/juan_c/ros2_ws/install/manipulator_description/share/manipulator_description/environment/path.dsv
[2.534s] -- Installing: /home/juan_c/ros2_ws/install/manipulator_description/share/manipulator_description/local_setup.bash
[2.535s] -- Installing: /home/juan_c/ros2_ws/install/manipulator_description/share/manipulator_description/local_setup.sh
[2.535s] -- Installing: /home/juan_c/ros2_ws/install/manipulator_description/share/manipulator_description/local_setup.zsh
[2.535s] -- Installing: /home/juan_c/ros2_ws/install/manipulator_description/share/manipulator_description/local_setup.dsv
[2.536s] -- Installing: /home/juan_c/ros2_ws/install/manipulator_description/share/manipulator_description/package.dsv
[2.536s] -- Installing: /home/juan_c/ros2_ws/install/manipulator_description/share/ament_index/resource_index/packages/manipulator_description
[2.536s] -- Installing: /home/juan_c/ros2_ws/install/manipulator_description/share/manipulator_description/cmake/manipulator_descriptionConfig.cmake
[2.536s] -- Installing: /home/juan_c/ros2_ws/install/manipulator_description/share/manipulator_description/cmake/manipulator_descriptionConfig-version.cmake
[2.536s] -- Installing: /home/juan_c/ros2_ws/install/manipulator_description/share/manipulator_description/package.xml
[2.537s] Invoked command in '/home/juan_c/ros2_ws/build/manipulator_description' returned '0': CMAKE_PREFIX_PATH=/opt/ros/iron /usr/bin/cmake --install /home/juan_c/ros2_ws/build/manipulator_description
