[1.424s] Invoking command in '/home/juan_c/ros2_ws/src/manipulator': PYTHONPATH=/home/juan_c/ros2_ws/build/manipulator/prefix_override:/home/juan_c/ros2_ws/install/manipulator/lib/python3.10/site-packages:${PYTHONPATH} /usr/bin/python3 setup.py egg_info --egg-base ../../build/manipulator build --build-base /home/juan_c/ros2_ws/build/manipulator/build install --record /home/juan_c/ros2_ws/build/manipulator/install.log --single-version-externally-managed
[1.959s] running egg_info
[1.960s] writing ../../build/manipulator/manipulator.egg-info/PKG-INFO
[1.961s] writing dependency_links to ../../build/manipulator/manipulator.egg-info/dependency_links.txt
[1.961s] writing entry points to ../../build/manipulator/manipulator.egg-info/entry_points.txt
[1.962s] writing requirements to ../../build/manipulator/manipulator.egg-info/requires.txt
[1.962s] writing top-level names to ../../build/manipulator/manipulator.egg-info/top_level.txt
[1.966s] reading manifest file '../../build/manipulator/manipulator.egg-info/SOURCES.txt'
[1.969s] writing manifest file '../../build/manipulator/manipulator.egg-info/SOURCES.txt'
[1.969s] running build
[1.970s] running build_py
[1.970s] running install
[1.971s] running install_lib
[1.973s] running install_data
[1.975s] running install_egg_info
[1.979s] removing '/home/juan_c/ros2_ws/install/manipulator/lib/python3.10/site-packages/manipulator-0.0.0-py3.10.egg-info' (and everything under it)
[1.980s] Copying ../../build/manipulator/manipulator.egg-info to /home/juan_c/ros2_ws/install/manipulator/lib/python3.10/site-packages/manipulator-0.0.0-py3.10.egg-info
[1.986s] running install_scripts
[2.018s] writing list of installed files to '/home/juan_c/ros2_ws/build/manipulator/install.log'
[2.065s] Invoked command in '/home/juan_c/ros2_ws/src/manipulator' returned '0': PYTHONPATH=/home/juan_c/ros2_ws/build/manipulator/prefix_override:/home/juan_c/ros2_ws/install/manipulator/lib/python3.10/site-packages:${PYTHONPATH} /usr/bin/python3 setup.py egg_info --egg-base ../../build/manipulator build --build-base /home/juan_c/ros2_ws/build/manipulator/build install --record /home/juan_c/ros2_ws/build/manipulator/install.log --single-version-externally-managed
