[0.608s] Invoking command in '/home/juan_c/ros2_ws/build/manipulator_description': CMAKE_PREFIX_PATH=${CMAKE_PREFIX_PATH}:/home/juan_c/ros2_ws/install/manipulator:/opt/ros/iron /usr/bin/cmake --build /home/juan_c/ros2_ws/build/manipulator_description -- -j4 -l4
[0.652s] -- Found ament_cmake: 2.0.3 (/opt/ros/iron/share/ament_cmake/cmake)
[0.918s] -- Found ament_lint_auto: 0.14.2 (/opt/ros/iron/share/ament_lint_auto/cmake)
[1.049s] -- Added test 'lint_cmake' to check CMake code style
[1.051s] -- Added test 'xmllint' to check XML markup files
[1.069s] -- Configuring done
[1.069s] -- Generating done
[1.069s] -- Build files have been written to: /home/juan_c/ros2_ws/build/manipulator_description
[1.096s] Invoked command in '/home/juan_c/ros2_ws/build/manipulator_description' returned '0': CMAKE_PREFIX_PATH=${CMAKE_PREFIX_PATH}:/home/juan_c/ros2_ws/install/manipulator:/opt/ros/iron /usr/bin/cmake --build /home/juan_c/ros2_ws/build/manipulator_description -- -j4 -l4
[1.150s] Invoking command in '/home/juan_c/ros2_ws/build/manipulator_description': CMAKE_PREFIX_PATH=${CMAKE_PREFIX_PATH}:/home/juan_c/ros2_ws/install/manipulator:/opt/ros/iron /usr/bin/cmake --install /home/juan_c/ros2_ws/build/manipulator_description
[1.162s] -- Install configuration: ""
[1.162s] -- Installing: /home/juan_c/ros2_ws/install/manipulator_description/share/manipulator_description/meshes
[1.164s] -- Installing: /home/juan_c/ros2_ws/install/manipulator_description/share/manipulator_description/meshes/base_link.STL
[1.167s] -- Installing: /home/juan_c/ros2_ws/install/manipulator_description/share/manipulator_description/meshes/link_4.STL
[1.167s] -- Installing: /home/juan_c/ros2_ws/install/manipulator_description/share/manipulator_description/meshes/link_3.STL
[1.169s] -- Installing: /home/juan_c/ros2_ws/install/manipulator_description/share/manipulator_description/meshes/link_1.STL
[1.170s] -- Installing: /home/juan_c/ros2_ws/install/manipulator_description/share/manipulator_description/meshes/link_2.STL
[1.172s] -- Installing: /home/juan_c/ros2_ws/install/manipulator_description/share/manipulator_description/urdf
[1.172s] -- Installing: /home/juan_c/ros2_ws/install/manipulator_description/share/manipulator_description/urdf/manipulator.xacro
[1.173s] -- Installing: /home/juan_c/ros2_ws/install/manipulator_description/share/manipulator_description/urdf/manipulator.urdf.xacro
[1.176s] -- Up-to-date: /home/juan_c/ros2_ws/install/manipulator_description/share/ament_index/resource_index/package_run_dependencies/manipulator_description
[1.176s] -- Installing: /home/juan_c/ros2_ws/install/manipulator_description/share/ament_index/resource_index/parent_prefix_path/manipulator_description
[1.176s] -- Up-to-date: /home/juan_c/ros2_ws/install/manipulator_description/share/manipulator_description/environment/ament_prefix_path.sh
[1.179s] -- Up-to-date: /home/juan_c/ros2_ws/install/manipulator_description/share/manipulator_description/environment/ament_prefix_path.dsv
[1.180s] -- Up-to-date: /home/juan_c/ros2_ws/install/manipulator_description/share/manipulator_description/environment/path.sh
[1.180s] -- Up-to-date: /home/juan_c/ros2_ws/install/manipulator_description/share/manipulator_description/environment/path.dsv
[1.180s] -- Up-to-date: /home/juan_c/ros2_ws/install/manipulator_description/share/manipulator_description/local_setup.bash
[1.181s] -- Up-to-date: /home/juan_c/ros2_ws/install/manipulator_description/share/manipulator_description/local_setup.sh
[1.181s] -- Up-to-date: /home/juan_c/ros2_ws/install/manipulator_description/share/manipulator_description/local_setup.zsh
[1.181s] -- Up-to-date: /home/juan_c/ros2_ws/install/manipulator_description/share/manipulator_description/local_setup.dsv
[1.182s] -- Installing: /home/juan_c/ros2_ws/install/manipulator_description/share/manipulator_description/package.dsv
[1.182s] -- Up-to-date: /home/juan_c/ros2_ws/install/manipulator_description/share/ament_index/resource_index/packages/manipulator_description
[1.183s] -- Up-to-date: /home/juan_c/ros2_ws/install/manipulator_description/share/manipulator_description/cmake/manipulator_descriptionConfig.cmake
[1.183s] -- Up-to-date: /home/juan_c/ros2_ws/install/manipulator_description/share/manipulator_description/cmake/manipulator_descriptionConfig-version.cmake
[1.183s] -- Up-to-date: /home/juan_c/ros2_ws/install/manipulator_description/share/manipulator_description/package.xml
[1.195s] Invoked command in '/home/juan_c/ros2_ws/build/manipulator_description' returned '0': CMAKE_PREFIX_PATH=${CMAKE_PREFIX_PATH}:/home/juan_c/ros2_ws/install/manipulator:/opt/ros/iron /usr/bin/cmake --install /home/juan_c/ros2_ws/build/manipulator_description
